<?xml version="1.0" encoding="UTF-8"?>
<!-- Generated by org.testng.reporters.JUnitReportReporter -->
<testsuite skipped="0" hostname="DESKTOP-48G8LDM" name="rediffMoneyTestcases.AddDelStockTest" tests="2" failures="0" timestamp="2020-06-25T23:14:53 IST" time="18.572" errors="0">
  <testcase name="addStockTest" time="18.568" classname="rediffMoneyTestcases.AddDelStockTest"/>
  <system-out/>
  <testcase name="deleteStockTest" time="0.004" classname="rediffMoneyTestcases.AddDelStockTest"/>
  <system-out/>
</testsuite> <!-- rediffMoneyTestcases.AddDelStockTest -->
