<?xml version="1.0" encoding="UTF-8"?>
<!-- Generated by org.testng.reporters.JUnitReportReporter -->
<testsuite skipped="0" hostname="DESKTOP-48G8LDM" name="rediffMoneyTestcases.CreatePortFolioTest" tests="2" failures="0" timestamp="2020-06-25T21:23:49 IST" time="17.661" errors="0">
  <testcase name="createPortFolioTest" time="17.495" classname="rediffMoneyTestcases.CreatePortFolioTest"/>
  <system-out/>
  <testcase name="deletePortFolioTest" time="0.166" classname="rediffMoneyTestcases.CreatePortFolioTest"/>
  <system-out/>
</testsuite> <!-- rediffMoneyTestcases.CreatePortFolioTest -->
