<?xml version="1.0" encoding="UTF-8"?>
<!-- Generated by org.testng.reporters.JUnitReportReporter -->
<testsuite hostname="DESKTOP-EK6AVS7" failures="0" tests="1" name="rediffMoneyTestcases.CreatePortFolioTest" time="10.636" errors="0" timestamp="24 Jun 2020 13:11:26 GMT" skipped="0">
  <testcase classname="rediffMoneyTestcases.CreatePortFolioTest" name="createPortFolioTest" time="10.636"/>
</testsuite> <!-- rediffMoneyTestcases.CreatePortFolioTest -->
