<?xml version="1.0" encoding="UTF-8"?>
<!-- Generated by org.testng.reporters.JUnitReportReporter -->
<testsuite skipped="0" hostname="DESKTOP-48G8LDM" name="rediffMoneyTestcases.LoginTest" tests="1" failures="0" timestamp="2020-06-23T22:23:05 IST" time="17.125" errors="0">
  <testcase name="loginTest" time="17.125" classname="rediffMoneyTestcases.LoginTest"/>
  <system-out/>
</testsuite> <!-- rediffMoneyTestcases.LoginTest -->
