<?xml version="1.0" encoding="UTF-8"?>
<!-- Generated by org.testng.reporters.JUnitReportReporter -->
<testsuite hostname="DESKTOP-EK6AVS7" failures="0" tests="1" name="rediffMoneyTestcases.LoginTest" time="13.507" errors="0" timestamp="24 Jun 2020 09:36:55 GMT" skipped="0">
  <testcase classname="rediffMoneyTestcases.LoginTest" name="loginTest" time="13.507"/>
</testsuite> <!-- rediffMoneyTestcases.LoginTest -->
