<?xml version="1.0" encoding="UTF-8"?>
<!-- Generated by org.testng.reporters.JUnitReportReporter -->
<testsuite skipped="0" hostname="DESKTOP-48G8LDM" name="rediffMoneyTestcases.CreatePortFolioTest" tests="1" failures="0" timestamp="2020-06-24T22:10:13 IST" time="14.070" errors="0">
  <testcase name="createPortFolioTest" time="14.070" classname="rediffMoneyTestcases.CreatePortFolioTest"/>
  <system-out/>
</testsuite> <!-- rediffMoneyTestcases.CreatePortFolioTest -->
