<?xml version="1.0" encoding="UTF-8"?>
<!-- Generated by org.testng.reporters.JUnitReportReporter -->
<testsuite hostname="DESKTOP-EK6AVS7" failures="0" tests="2" name="rediffMoneyTestcases.CreatePortFolioTest" time="11.653" errors="0" timestamp="25 Jun 2020 13:31:09 GMT" skipped="0">
  <testcase classname="rediffMoneyTestcases.CreatePortFolioTest" name="createPortFolioTest" time="11.597"/>
  <testcase classname="rediffMoneyTestcases.CreatePortFolioTest" name="deletePortFolioTest" time="0.056"/>
</testsuite> <!-- rediffMoneyTestcases.CreatePortFolioTest -->
